C04 sampler started: Mon Jul 20 09:22:12 PDT 2026
PID: 58187
timestamp | elapsed | cpu_percent | rss_kb | vsz_kb | state
2026-07-20 09:22:12 | 08:14 68.6 150592 436094752 R
2026-07-20 09:22:14 | 08:16 70.5 150640 436091696 U
2026-07-20 09:22:16 | 08:18 70.3 149952 436107360 R
2026-07-20 09:22:18 | 08:21 70.1 146640 436085872 R
2026-07-20 09:22:21 | 08:23 50.1 145888 436099024 R
2026-07-20 09:22:23 | 08:25 84.8 144928 436147136 U
2026-07-20 09:22:25 | 08:27 69.5 145104 436104880 S
2026-07-20 09:22:27 | 08:29 74.3 145136 436105472 R
2026-07-20 09:22:29 | 08:31 65.4 146832 436104320 R
2026-07-20 09:22:31 | 08:33 63.3 146864 436099264 R
2026-07-20 09:22:33 | 08:35 70.9 146896 436095648 S
2026-07-20 09:22:36 | 08:38 64.6 146864 436095648 R
2026-07-20 09:22:38 | 08:40 55.5 145536 436084480 S
2026-07-20 09:22:40 | 08:42 58.0 188416 435839984 S
2026-07-20 09:22:42 | 08:44 52.7 189600 435840384 R
2026-07-20 09:22:44 | 08:46 90.4 198272 435988528 R
2026-07-20 09:22:46 | 08:48 53.3 232112 435861552 R
2026-07-20 09:22:48 | 08:50 49.0 225776 435855776 S
2026-07-20 09:22:50 | 08:52 143.4 249728 436089008 R
2026-07-20 09:22:52 | 08:54 47.7 230592 435865904 R
2026-07-20 09:22:54 | 08:56 46.4 223968 435857264 S
2026-07-20 09:22:56 | 08:58 46.7 223904 435848848 R
2026-07-20 09:22:58 | 09:00 134.0 234048 436041216 R
2026-07-20 09:23:00 | 09:02 52.7 227248 435861472 R
2026-07-20 09:23:02 | 09:04 97.0 229008 436011984 R
2026-07-20 09:23:04 | 09:06 45.6 226416 435861184 S
2026-07-20 09:23:06 | 09:08 48.3 227504 435862720 R
2026-07-20 09:23:08 | 09:10 119.1 228480 436009088 R
2026-07-20 09:23:10 | 09:12 55.5 220320 435858192 R
2026-07-20 09:23:12 | 09:14 48.6 216304 435854656 R
2026-07-20 09:23:14 | 09:16 139.7 234736 436088000 R
2026-07-20 09:23:16 | 09:18 64.7 260624 436087440 S
2026-07-20 09:23:18 | 09:20 47.4 217024 435856960 S
2026-07-20 09:23:20 | 09:22 97.0 195184 435990384 R
2026-07-20 09:23:22 | 09:24 65.7 249888 436091808 U
2026-07-20 09:23:24 | 09:26 65.1 207888 436094864 R
2026-07-20 09:23:26 | 09:28 63.0 195376 436078112 S
2026-07-20 09:23:28 | 09:30 63.5 193248 436081968 R
2026-07-20 09:23:30 | 09:32 64.5 199280 436079104 R
2026-07-20 09:23:32 | 09:34 66.4 208800 436078288 U
2026-07-20 09:23:34 | 09:36 70.1 208064 436086960 R
2026-07-20 09:23:36 | 09:38 65.5 205568 436087776 U
2026-07-20 09:23:38 | 09:40 65.7 202704 436087776 R
2026-07-20 09:23:40 | 09:42 63.4 197648 436091392 U
2026-07-20 09:23:42 | 09:44 69.0 200288 436093024 R
